
  .   ____          _            __ _ _
 /\\ / ___'_ __ _ _(_)_ __  __ _ \ \ \ \
( ( )\___ | '_ | '_| | '_ \/ _` | \ \ \ \
 \\/  ___)| |_)| | | | | || (_| |  ) ) ) )
  '  |____| .__|_| |_|_| |_\__, | / / / /
 =========|_|==============|___/=/_/_/_/

 :: Spring Boot ::                (v3.4.5)

2025-05-17T21:56:15.744+05:30  INFO 329347 --- [hyperledger-service] [           main] c.t.b.HyperledgerServiceApplication      : Starting HyperledgerServiceApplication v0.0.1-SNAPSHOT using Java 24 with PID 329347 (/home/damindu/Desktop/blockchain-platform/blockchain-service/target/hyperledger-service-0.0.1-SNAPSHOT.jar started by damindu in /home/damindu/Desktop/blockchain-platform/blockchain-service)
2025-05-17T21:56:15.747+05:30  INFO 329347 --- [hyperledger-service] [           main] c.t.b.HyperledgerServiceApplication      : No active profile set, falling back to 1 default profile: "default"
2025-05-17T21:56:16.618+05:30  INFO 329347 --- [hyperledger-service] [           main] o.s.b.w.embedded.tomcat.TomcatWebServer  : Tomcat initialized with port 8082 (http)
2025-05-17T21:56:16.631+05:30  INFO 329347 --- [hyperledger-service] [           main] o.apache.catalina.core.StandardService   : Starting service [Tomcat]
2025-05-17T21:56:16.632+05:30  INFO 329347 --- [hyperledger-service] [           main] o.apache.catalina.core.StandardEngine    : Starting Servlet engine: [Apache Tomcat/10.1.40]
2025-05-17T21:56:16.655+05:30  INFO 329347 --- [hyperledger-service] [           main] o.a.c.c.C.[Tomcat].[localhost].[/]       : Initializing Spring embedded WebApplicationContext
2025-05-17T21:56:16.656+05:30  INFO 329347 --- [hyperledger-service] [           main] w.s.c.ServletWebServerApplicationContext : Root WebApplicationContext: initialization completed in 867 ms
2025-05-17T21:56:16.921+05:30  WARN 329347 --- [hyperledger-service] [           main] o.hyperledger.fabric.sdk.helper.Config   : Failed to load any configuration from: config.properties. Using toolkit defaults
WARNING: A terminally deprecated method in sun.misc.Unsafe has been called
WARNING: sun.misc.Unsafe::objectFieldOffset has been called by io.opentelemetry.internal.shaded.jctools.util.UnsafeAccess (jar:nested:/home/damindu/Desktop/blockchain-platform/blockchain-service/target/hyperledger-service-0.0.1-SNAPSHOT.jar/!BOOT-INF/lib/opentelemetry-sdk-trace-1.43.0.jar!/)
WARNING: Please consider reporting this to the maintainers of class io.opentelemetry.internal.shaded.jctools.util.UnsafeAccess
WARNING: sun.misc.Unsafe::objectFieldOffset will be removed in a future release
2025-05-17T21:56:17.285+05:30  INFO 329347 --- [hyperledger-service] [           main] org.hyperledger.fabric.gateway.Gateway   : Unable to load channel configuration from connection profile: Channel configuration has no channels defined.
WARNING: A restricted method in java.lang.System has been called
WARNING: java.lang.System::loadLibrary has been called by io.grpc.netty.shaded.io.netty.util.internal.NativeLibraryUtil in an unnamed module (jar:nested:/home/damindu/Desktop/blockchain-platform/blockchain-service/target/hyperledger-service-0.0.1-SNAPSHOT.jar/!BOOT-INF/lib/grpc-netty-shaded-1.61.1.jar!/)
WARNING: Use --enable-native-access=ALL-UNNAMED to avoid a warning for callers in this module
WARNING: Restricted methods will be blocked in a future release unless native access is enabled

2025-05-17T21:56:18.234+05:30  INFO 329347 --- [hyperledger-service] [           main] o.h.fabric.sdk.ServiceDiscovery          : Channel mychannel doing discovery with peer: Peer{ id: 2, name: peer0.org1.example.com, channelName: mychannel, url: grpcs://localhost:7051, mspid: Org1MSP}
2025-05-17T21:56:18.562+05:30  INFO 329347 --- [hyperledger-service] [           main] org.hyperledger.fabric.sdk.Channel       : Channel Channel{id: 1, name: mychannel} eventThread started shutdown: false  thread: null 
2025-05-17T21:56:18.962+05:30  INFO 329347 --- [hyperledger-service] [           main] o.s.b.w.embedded.tomcat.TomcatWebServer  : Tomcat started on port 8082 (http) with context path '/'
2025-05-17T21:56:18.994+05:30  INFO 329347 --- [hyperledger-service] [           main] o.a.k.clients.consumer.ConsumerConfig    : ConsumerConfig values: 
	allow.auto.create.topics = true
	auto.commit.interval.ms = 5000
	auto.include.jmx.reporter = true
	auto.offset.reset = earliest
	bootstrap.servers = [localhost:9092]
	check.crcs = true
	client.dns.lookup = use_all_dns_ips
	client.id = consumer-blockchain-group-1
	client.rack = 
	connections.max.idle.ms = 540000
	default.api.timeout.ms = 60000
	enable.auto.commit = false
	enable.metrics.push = true
	exclude.internal.topics = true
	fetch.max.bytes = 52428800
	fetch.max.wait.ms = 500
	fetch.min.bytes = 1
	group.id = blockchain-group
	group.instance.id = null
	group.protocol = classic
	group.remote.assignor = null
	heartbeat.interval.ms = 3000
	interceptor.classes = []
	internal.leave.group.on.close = true
	internal.throw.on.fetch.stable.offset.unsupported = false
	isolation.level = read_uncommitted
	key.deserializer = class org.apache.kafka.common.serialization.StringDeserializer
	max.partition.fetch.bytes = 1048576
	max.poll.interval.ms = 300000
	max.poll.records = 500
	metadata.max.age.ms = 300000
	metadata.recovery.strategy = none
	metric.reporters = []
	metrics.num.samples = 2
	metrics.recording.level = INFO
	metrics.sample.window.ms = 30000
	partition.assignment.strategy = [class org.apache.kafka.clients.consumer.RangeAssignor, class org.apache.kafka.clients.consumer.CooperativeStickyAssignor]
	receive.buffer.bytes = 65536
	reconnect.backoff.max.ms = 1000
	reconnect.backoff.ms = 50
	request.timeout.ms = 30000
	retry.backoff.max.ms = 1000
	retry.backoff.ms = 100
	sasl.client.callback.handler.class = null
	sasl.jaas.config = null
	sasl.kerberos.kinit.cmd = /usr/bin/kinit
	sasl.kerberos.min.time.before.relogin = 60000
	sasl.kerberos.service.name = null
	sasl.kerberos.ticket.renew.jitter = 0.05
	sasl.kerberos.ticket.renew.window.factor = 0.8
	sasl.login.callback.handler.class = null
	sasl.login.class = null
	sasl.login.connect.timeout.ms = null
	sasl.login.read.timeout.ms = null
	sasl.login.refresh.buffer.seconds = 300
	sasl.login.refresh.min.period.seconds = 60
	sasl.login.refresh.window.factor = 0.8
	sasl.login.refresh.window.jitter = 0.05
	sasl.login.retry.backoff.max.ms = 10000
	sasl.login.retry.backoff.ms = 100
	sasl.mechanism = GSSAPI
	sasl.oauthbearer.clock.skew.seconds = 30
	sasl.oauthbearer.expected.audience = null
	sasl.oauthbearer.expected.issuer = null
	sasl.oauthbearer.jwks.endpoint.refresh.ms = 3600000
	sasl.oauthbearer.jwks.endpoint.retry.backoff.max.ms = 10000
	sasl.oauthbearer.jwks.endpoint.retry.backoff.ms = 100
	sasl.oauthbearer.jwks.endpoint.url = null
	sasl.oauthbearer.scope.claim.name = scope
	sasl.oauthbearer.sub.claim.name = sub
	sasl.oauthbearer.token.endpoint.url = null
	security.protocol = PLAINTEXT
	security.providers = null
	send.buffer.bytes = 131072
	session.timeout.ms = 45000
	socket.connection.setup.timeout.max.ms = 30000
	socket.connection.setup.timeout.ms = 10000
	ssl.cipher.suites = null
	ssl.enabled.protocols = [TLSv1.2, TLSv1.3]
	ssl.endpoint.identification.algorithm = https
	ssl.engine.factory.class = null
	ssl.key.password = null
	ssl.keymanager.algorithm = SunX509
	ssl.keystore.certificate.chain = null
	ssl.keystore.key = null
	ssl.keystore.location = null
	ssl.keystore.password = null
	ssl.keystore.type = JKS
	ssl.protocol = TLSv1.3
	ssl.provider = null
	ssl.secure.random.implementation = null
	ssl.trustmanager.algorithm = PKIX
	ssl.truststore.certificates = null
	ssl.truststore.location = null
	ssl.truststore.password = null
	ssl.truststore.type = JKS
	value.deserializer = class org.apache.kafka.common.serialization.StringDeserializer

2025-05-17T21:56:19.024+05:30  INFO 329347 --- [hyperledger-service] [           main] o.a.k.c.t.i.KafkaMetricsCollector        : initializing Kafka metrics collector
2025-05-17T21:56:19.152+05:30  INFO 329347 --- [hyperledger-service] [           main] o.a.k.clients.consumer.ConsumerConfig    : These configurations '[spring.json.trusted.packages, spring.json.value.default.type]' were supplied but are not used yet.
2025-05-17T21:56:19.154+05:30  INFO 329347 --- [hyperledger-service] [           main] o.a.kafka.common.utils.AppInfoParser     : Kafka version: 3.8.1
2025-05-17T21:56:19.154+05:30  INFO 329347 --- [hyperledger-service] [           main] o.a.kafka.common.utils.AppInfoParser     : Kafka commitId: 70d6ff42debf7e17
2025-05-17T21:56:19.154+05:30  INFO 329347 --- [hyperledger-service] [           main] o.a.kafka.common.utils.AppInfoParser     : Kafka startTimeMs: 1747499179153
2025-05-17T21:56:19.157+05:30  INFO 329347 --- [hyperledger-service] [           main] o.a.k.c.c.internals.LegacyKafkaConsumer  : [Consumer clientId=consumer-blockchain-group-1, groupId=blockchain-group] Subscribed to topic(s): blockchain-topic
2025-05-17T21:56:19.169+05:30  INFO 329347 --- [hyperledger-service] [           main] c.t.b.HyperledgerServiceApplication      : Started HyperledgerServiceApplication in 3.855 seconds (process running for 4.298)
2025-05-17T21:56:19.316+05:30  INFO 329347 --- [hyperledger-service] [ntainer#0-0-C-1] org.apache.kafka.clients.NetworkClient   : [Consumer clientId=consumer-blockchain-group-1, groupId=blockchain-group] Node -1 disconnected.
2025-05-17T21:56:19.318+05:30  WARN 329347 --- [hyperledger-service] [ntainer#0-0-C-1] org.apache.kafka.clients.NetworkClient   : [Consumer clientId=consumer-blockchain-group-1, groupId=blockchain-group] Connection to node -1 (localhost/127.0.0.1:9092) could not be established. Node may not be available.
2025-05-17T21:56:19.318+05:30  WARN 329347 --- [hyperledger-service] [ntainer#0-0-C-1] org.apache.kafka.clients.NetworkClient   : [Consumer clientId=consumer-blockchain-group-1, groupId=blockchain-group] Bootstrap broker localhost:9092 (id: -1 rack: null) disconnected
2025-05-17T21:56:19.413+05:30  INFO 329347 --- [hyperledger-service] [ntainer#0-0-C-1] org.apache.kafka.clients.NetworkClient   : [Consumer clientId=consumer-blockchain-group-1, groupId=blockchain-group] Node -1 disconnected.
2025-05-17T21:56:19.413+05:30  WARN 329347 --- [hyperledger-service] [ntainer#0-0-C-1] org.apache.kafka.clients.NetworkClient   : [Consumer clientId=consumer-blockchain-group-1, groupId=blockchain-group] Connection to node -1 (localhost/127.0.0.1:9092) could not be established. Node may not be available.
2025-05-17T21:56:19.413+05:30  WARN 329347 --- [hyperledger-service] [ntainer#0-0-C-1] org.apache.kafka.clients.NetworkClient   : [Consumer clientId=consumer-blockchain-group-1, groupId=blockchain-group] Bootstrap broker localhost:9092 (id: -1 rack: null) disconnected
2025-05-17T21:56:19.518+05:30  INFO 329347 --- [hyperledger-service] [ntainer#0-0-C-1] org.apache.kafka.clients.NetworkClient   : [Consumer clientId=consumer-blockchain-group-1, groupId=blockchain-group] Node -1 disconnected.
2025-05-17T21:56:19.519+05:30  WARN 329347 --- [hyperledger-service] [ntainer#0-0-C-1] org.apache.kafka.clients.NetworkClient   : [Consumer clientId=consumer-blockchain-group-1, groupId=blockchain-group] Connection to node -1 (localhost/127.0.0.1:9092) could not be established. Node may not be available.
2025-05-17T21:56:19.520+05:30  WARN 329347 --- [hyperledger-service] [ntainer#0-0-C-1] org.apache.kafka.clients.NetworkClient   : [Consumer clientId=consumer-blockchain-group-1, groupId=blockchain-group] Bootstrap broker localhost:9092 (id: -1 rack: null) disconnected
2025-05-17T21:56:19.777+05:30  INFO 329347 --- [hyperledger-service] [ntainer#0-0-C-1] org.apache.kafka.clients.NetworkClient   : [Consumer clientId=consumer-blockchain-group-1, groupId=blockchain-group] Node -1 disconnected.
2025-05-17T21:56:19.778+05:30  WARN 329347 --- [hyperledger-service] [ntainer#0-0-C-1] org.apache.kafka.clients.NetworkClient   : [Consumer clientId=consumer-blockchain-group-1, groupId=blockchain-group] Connection to node -1 (localhost/127.0.0.1:9092) could not be established. Node may not be available.
2025-05-17T21:56:19.778+05:30  WARN 329347 --- [hyperledger-service] [ntainer#0-0-C-1] org.apache.kafka.clients.NetworkClient   : [Consumer clientId=consumer-blockchain-group-1, groupId=blockchain-group] Bootstrap broker localhost:9092 (id: -1 rack: null) disconnected
2025-05-17T21:56:20.203+05:30  INFO 329347 --- [hyperledger-service] [ntainer#0-0-C-1] org.apache.kafka.clients.NetworkClient   : [Consumer clientId=consumer-blockchain-group-1, groupId=blockchain-group] Node -1 disconnected.
2025-05-17T21:56:20.204+05:30  WARN 329347 --- [hyperledger-service] [ntainer#0-0-C-1] org.apache.kafka.clients.NetworkClient   : [Consumer clientId=consumer-blockchain-group-1, groupId=blockchain-group] Connection to node -1 (localhost/127.0.0.1:9092) could not be established. Node may not be available.
2025-05-17T21:56:20.205+05:30  WARN 329347 --- [hyperledger-service] [ntainer#0-0-C-1] org.apache.kafka.clients.NetworkClient   : [Consumer clientId=consumer-blockchain-group-1, groupId=blockchain-group] Bootstrap broker localhost:9092 (id: -1 rack: null) disconnected
2025-05-17T21:56:21.104+05:30  INFO 329347 --- [hyperledger-service] [ntainer#0-0-C-1] org.apache.kafka.clients.NetworkClient   : [Consumer clientId=consumer-blockchain-group-1, groupId=blockchain-group] Node -1 disconnected.
2025-05-17T21:56:21.105+05:30  WARN 329347 --- [hyperledger-service] [ntainer#0-0-C-1] org.apache.kafka.clients.NetworkClient   : [Consumer clientId=consumer-blockchain-group-1, groupId=blockchain-group] Connection to node -1 (localhost/127.0.0.1:9092) could not be established. Node may not be available.
2025-05-17T21:56:21.105+05:30  WARN 329347 --- [hyperledger-service] [ntainer#0-0-C-1] org.apache.kafka.clients.NetworkClient   : [Consumer clientId=consumer-blockchain-group-1, groupId=blockchain-group] Bootstrap broker localhost:9092 (id: -1 rack: null) disconnected
2025-05-17T21:56:22.074+05:30  INFO 329347 --- [hyperledger-service] [ntainer#0-0-C-1] org.apache.kafka.clients.NetworkClient   : [Consumer clientId=consumer-blockchain-group-1, groupId=blockchain-group] Node -1 disconnected.
2025-05-17T21:56:22.075+05:30  WARN 329347 --- [hyperledger-service] [ntainer#0-0-C-1] org.apache.kafka.clients.NetworkClient   : [Consumer clientId=consumer-blockchain-group-1, groupId=blockchain-group] Connection to node -1 (localhost/127.0.0.1:9092) could not be established. Node may not be available.
2025-05-17T21:56:22.075+05:30  WARN 329347 --- [hyperledger-service] [ntainer#0-0-C-1] org.apache.kafka.clients.NetworkClient   : [Consumer clientId=consumer-blockchain-group-1, groupId=blockchain-group] Bootstrap broker localhost:9092 (id: -1 rack: null) disconnected
2025-05-17T21:56:23.036+05:30  INFO 329347 --- [hyperledger-service] [ntainer#0-0-C-1] org.apache.kafka.clients.NetworkClient   : [Consumer clientId=consumer-blockchain-group-1, groupId=blockchain-group] Node -1 disconnected.
2025-05-17T21:56:23.037+05:30  WARN 329347 --- [hyperledger-service] [ntainer#0-0-C-1] org.apache.kafka.clients.NetworkClient   : [Consumer clientId=consumer-blockchain-group-1, groupId=blockchain-group] Connection to node -1 (localhost/127.0.0.1:9092) could not be established. Node may not be available.
2025-05-17T21:56:23.037+05:30  WARN 329347 --- [hyperledger-service] [ntainer#0-0-C-1] org.apache.kafka.clients.NetworkClient   : [Consumer clientId=consumer-blockchain-group-1, groupId=blockchain-group] Bootstrap broker localhost:9092 (id: -1 rack: null) disconnected
2025-05-17T21:56:23.961+05:30  INFO 329347 --- [hyperledger-service] [ntainer#0-0-C-1] org.apache.kafka.clients.NetworkClient   : [Consumer clientId=consumer-blockchain-group-1, groupId=blockchain-group] Node -1 disconnected.
2025-05-17T21:56:23.961+05:30  WARN 329347 --- [hyperledger-service] [ntainer#0-0-C-1] org.apache.kafka.clients.NetworkClient   : [Consumer clientId=consumer-blockchain-group-1, groupId=blockchain-group] Connection to node -1 (localhost/127.0.0.1:9092) could not be established. Node may not be available.
2025-05-17T21:56:23.961+05:30  WARN 329347 --- [hyperledger-service] [ntainer#0-0-C-1] org.apache.kafka.clients.NetworkClient   : [Consumer clientId=consumer-blockchain-group-1, groupId=blockchain-group] Bootstrap broker localhost:9092 (id: -1 rack: null) disconnected
2025-05-17T21:56:24.964+05:30  INFO 329347 --- [hyperledger-service] [ntainer#0-0-C-1] org.apache.kafka.clients.NetworkClient   : [Consumer clientId=consumer-blockchain-group-1, groupId=blockchain-group] Node -1 disconnected.
2025-05-17T21:56:24.965+05:30  WARN 329347 --- [hyperledger-service] [ntainer#0-0-C-1] org.apache.kafka.clients.NetworkClient   : [Consumer clientId=consumer-blockchain-group-1, groupId=blockchain-group] Connection to node -1 (localhost/127.0.0.1:9092) could not be established. Node may not be available.
2025-05-17T21:56:24.966+05:30  WARN 329347 --- [hyperledger-service] [ntainer#0-0-C-1] org.apache.kafka.clients.NetworkClient   : [Consumer clientId=consumer-blockchain-group-1, groupId=blockchain-group] Bootstrap broker localhost:9092 (id: -1 rack: null) disconnected
2025-05-17T21:56:25.983+05:30  INFO 329347 --- [hyperledger-service] [ntainer#0-0-C-1] org.apache.kafka.clients.NetworkClient   : [Consumer clientId=consumer-blockchain-group-1, groupId=blockchain-group] Node -1 disconnected.
2025-05-17T21:56:25.984+05:30  WARN 329347 --- [hyperledger-service] [ntainer#0-0-C-1] org.apache.kafka.clients.NetworkClient   : [Consumer clientId=consumer-blockchain-group-1, groupId=blockchain-group] Connection to node -1 (localhost/127.0.0.1:9092) could not be established. Node may not be available.
2025-05-17T21:56:25.984+05:30  WARN 329347 --- [hyperledger-service] [ntainer#0-0-C-1] org.apache.kafka.clients.NetworkClient   : [Consumer clientId=consumer-blockchain-group-1, groupId=blockchain-group] Bootstrap broker localhost:9092 (id: -1 rack: null) disconnected
2025-05-17T21:56:26.500+05:30 ERROR 329347 --- [hyperledger-service] [alhost:4317/...] i.o.exporter.internal.grpc.GrpcExporter  : Failed to export spans. The request could not be executed. Error message: Failed to connect to localhost/[0:0:0:0:0:0:0:1]:4317

java.net.ConnectException: Failed to connect to localhost/[0:0:0:0:0:0:0:1]:4317
	at okhttp3.internal.connection.RealConnection.connectSocket(RealConnection.kt:297) ~[okhttp-4.12.0.jar!/:na]
	at okhttp3.internal.connection.RealConnection.connect(RealConnection.kt:207) ~[okhttp-4.12.0.jar!/:na]
	at okhttp3.internal.connection.ExchangeFinder.findConnection(ExchangeFinder.kt:226) ~[okhttp-4.12.0.jar!/:na]
	at okhttp3.internal.connection.ExchangeFinder.findHealthyConnection(ExchangeFinder.kt:106) ~[okhttp-4.12.0.jar!/:na]
	at okhttp3.internal.connection.ExchangeFinder.find(ExchangeFinder.kt:74) ~[okhttp-4.12.0.jar!/:na]
	at okhttp3.internal.connection.RealCall.initExchange$okhttp(RealCall.kt:255) ~[okhttp-4.12.0.jar!/:na]
	at okhttp3.internal.connection.ConnectInterceptor.intercept(ConnectInterceptor.kt:32) ~[okhttp-4.12.0.jar!/:na]
	at okhttp3.internal.http.RealInterceptorChain.proceed(RealInterceptorChain.kt:109) ~[okhttp-4.12.0.jar!/:na]
	at okhttp3.internal.cache.CacheInterceptor.intercept(CacheInterceptor.kt:95) ~[okhttp-4.12.0.jar!/:na]
	at okhttp3.internal.http.RealInterceptorChain.proceed(RealInterceptorChain.kt:109) ~[okhttp-4.12.0.jar!/:na]
	at okhttp3.internal.http.BridgeInterceptor.intercept(BridgeInterceptor.kt:83) ~[okhttp-4.12.0.jar!/:na]
	at okhttp3.internal.http.RealInterceptorChain.proceed(RealInterceptorChain.kt:109) ~[okhttp-4.12.0.jar!/:na]
	at okhttp3.internal.http.RetryAndFollowUpInterceptor.intercept(RetryAndFollowUpInterceptor.kt:76) ~[okhttp-4.12.0.jar!/:na]
	at okhttp3.internal.http.RealInterceptorChain.proceed(RealInterceptorChain.kt:109) ~[okhttp-4.12.0.jar!/:na]
	at io.opentelemetry.exporter.sender.okhttp.internal.RetryInterceptor.intercept(RetryInterceptor.java:91) ~[opentelemetry-exporter-sender-okhttp-1.43.0.jar!/:1.43.0]
	at okhttp3.internal.http.RealInterceptorChain.proceed(RealInterceptorChain.kt:109) ~[okhttp-4.12.0.jar!/:na]
	at okhttp3.internal.connection.RealCall.getResponseWithInterceptorChain$okhttp(RealCall.kt:201) ~[okhttp-4.12.0.jar!/:na]
	at okhttp3.internal.connection.RealCall$AsyncCall.run(RealCall.kt:517) ~[okhttp-4.12.0.jar!/:na]
	at java.base/java.util.concurrent.ThreadPoolExecutor.runWorker(ThreadPoolExecutor.java:1095) ~[na:na]
	at java.base/java.util.concurrent.ThreadPoolExecutor$Worker.run(ThreadPoolExecutor.java:619) ~[na:na]
	at java.base/java.lang.Thread.run(Thread.java:1447) ~[na:na]
	Suppressed: java.net.ConnectException: Failed to connect to localhost/127.0.0.1:4317
		... 21 common frames omitted
	Caused by: java.net.ConnectException: Connection refused
		at java.base/sun.nio.ch.Net.pollConnect(Native Method)
		at java.base/sun.nio.ch.Net.pollConnectNow(Net.java:628)
		at java.base/sun.nio.ch.NioSocketImpl.timedFinishConnect(NioSocketImpl.java:533)
		at java.base/sun.nio.ch.NioSocketImpl.connect(NioSocketImpl.java:583)
		at java.base/java.net.SocksSocketImpl.connect(SocksSocketImpl.java:282)
		at java.base/java.net.Socket.connect(Socket.java:665)
		at okhttp3.internal.platform.Platform.connectSocket(Platform.kt:128)
		at okhttp3.internal.connection.RealConnection.connectSocket(RealConnection.kt:295)
		... 20 common frames omitted
Caused by: java.net.ConnectException: Connection refused
	at java.base/sun.nio.ch.Net.pollConnect(Native Method) ~[na:na]
	at java.base/sun.nio.ch.Net.pollConnectNow(Net.java:628) ~[na:na]
	at java.base/sun.nio.ch.NioSocketImpl.timedFinishConnect(NioSocketImpl.java:533) ~[na:na]
	at java.base/sun.nio.ch.NioSocketImpl.connect(NioSocketImpl.java:583) ~[na:na]
	at java.base/java.net.SocksSocketImpl.connect(SocksSocketImpl.java:282) ~[na:na]
	at java.base/java.net.Socket.connect(Socket.java:665) ~[na:na]
	at okhttp3.internal.platform.Platform.connectSocket(Platform.kt:128) ~[okhttp-4.12.0.jar!/:na]
	at okhttp3.internal.connection.RealConnection.connectSocket(RealConnection.kt:295) ~[okhttp-4.12.0.jar!/:na]
	... 20 common frames omitted

2025-05-17T21:56:26.795+05:30  INFO 329347 --- [hyperledger-service] [ntainer#0-0-C-1] org.apache.kafka.clients.NetworkClient   : [Consumer clientId=consumer-blockchain-group-1, groupId=blockchain-group] Node -1 disconnected.
2025-05-17T21:56:26.795+05:30  WARN 329347 --- [hyperledger-service] [ntainer#0-0-C-1] org.apache.kafka.clients.NetworkClient   : [Consumer clientId=consumer-blockchain-group-1, groupId=blockchain-group] Connection to node -1 (localhost/127.0.0.1:9092) could not be established. Node may not be available.
2025-05-17T21:56:26.795+05:30  WARN 329347 --- [hyperledger-service] [ntainer#0-0-C-1] org.apache.kafka.clients.NetworkClient   : [Consumer clientId=consumer-blockchain-group-1, groupId=blockchain-group] Bootstrap broker localhost:9092 (id: -1 rack: null) disconnected
2025-05-17T21:56:27.829+05:30  INFO 329347 --- [hyperledger-service] [ntainer#0-0-C-1] org.apache.kafka.clients.NetworkClient   : [Consumer clientId=consumer-blockchain-group-1, groupId=blockchain-group] Node -1 disconnected.
2025-05-17T21:56:27.829+05:30  WARN 329347 --- [hyperledger-service] [ntainer#0-0-C-1] org.apache.kafka.clients.NetworkClient   : [Consumer clientId=consumer-blockchain-group-1, groupId=blockchain-group] Connection to node -1 (localhost/127.0.0.1:9092) could not be established. Node may not be available.
2025-05-17T21:56:27.829+05:30  WARN 329347 --- [hyperledger-service] [ntainer#0-0-C-1] org.apache.kafka.clients.NetworkClient   : [Consumer clientId=consumer-blockchain-group-1, groupId=blockchain-group] Bootstrap broker localhost:9092 (id: -1 rack: null) disconnected
2025-05-17T21:56:28.844+05:30  INFO 329347 --- [hyperledger-service] [ntainer#0-0-C-1] org.apache.kafka.clients.NetworkClient   : [Consumer clientId=consumer-blockchain-group-1, groupId=blockchain-group] Node -1 disconnected.
2025-05-17T21:56:28.845+05:30  WARN 329347 --- [hyperledger-service] [ntainer#0-0-C-1] org.apache.kafka.clients.NetworkClient   : [Consumer clientId=consumer-blockchain-group-1, groupId=blockchain-group] Connection to node -1 (localhost/127.0.0.1:9092) could not be established. Node may not be available.
2025-05-17T21:56:28.846+05:30  WARN 329347 --- [hyperledger-service] [ntainer#0-0-C-1] org.apache.kafka.clients.NetworkClient   : [Consumer clientId=consumer-blockchain-group-1, groupId=blockchain-group] Bootstrap broker localhost:9092 (id: -1 rack: null) disconnected
2025-05-17T21:56:29.814+05:30  INFO 329347 --- [hyperledger-service] [ntainer#0-0-C-1] org.apache.kafka.clients.NetworkClient   : [Consumer clientId=consumer-blockchain-group-1, groupId=blockchain-group] Node -1 disconnected.
2025-05-17T21:56:29.814+05:30  WARN 329347 --- [hyperledger-service] [ntainer#0-0-C-1] org.apache.kafka.clients.NetworkClient   : [Consumer clientId=consumer-blockchain-group-1, groupId=blockchain-group] Connection to node -1 (localhost/127.0.0.1:9092) could not be established. Node may not be available.
2025-05-17T21:56:29.814+05:30  WARN 329347 --- [hyperledger-service] [ntainer#0-0-C-1] org.apache.kafka.clients.NetworkClient   : [Consumer clientId=consumer-blockchain-group-1, groupId=blockchain-group] Bootstrap broker localhost:9092 (id: -1 rack: null) disconnected
2025-05-17T21:56:30.760+05:30  INFO 329347 --- [hyperledger-service] [ntainer#0-0-C-1] org.apache.kafka.clients.NetworkClient   : [Consumer clientId=consumer-blockchain-group-1, groupId=blockchain-group] Node -1 disconnected.
2025-05-17T21:56:30.761+05:30  WARN 329347 --- [hyperledger-service] [ntainer#0-0-C-1] org.apache.kafka.clients.NetworkClient   : [Consumer clientId=consumer-blockchain-group-1, groupId=blockchain-group] Connection to node -1 (localhost/127.0.0.1:9092) could not be established. Node may not be available.
2025-05-17T21:56:30.761+05:30  WARN 329347 --- [hyperledger-service] [ntainer#0-0-C-1] org.apache.kafka.clients.NetworkClient   : [Consumer clientId=consumer-blockchain-group-1, groupId=blockchain-group] Bootstrap broker localhost:9092 (id: -1 rack: null) disconnected
2025-05-17T21:56:31.677+05:30  INFO 329347 --- [hyperledger-service] [ntainer#0-0-C-1] org.apache.kafka.clients.NetworkClient   : [Consumer clientId=consumer-blockchain-group-1, groupId=blockchain-group] Node -1 disconnected.
2025-05-17T21:56:31.678+05:30  WARN 329347 --- [hyperledger-service] [ntainer#0-0-C-1] org.apache.kafka.clients.NetworkClient   : [Consumer clientId=consumer-blockchain-group-1, groupId=blockchain-group] Connection to node -1 (localhost/127.0.0.1:9092) could not be established. Node may not be available.
2025-05-17T21:56:31.678+05:30  WARN 329347 --- [hyperledger-service] [ntainer#0-0-C-1] org.apache.kafka.clients.NetworkClient   : [Consumer clientId=consumer-blockchain-group-1, groupId=blockchain-group] Bootstrap broker localhost:9092 (id: -1 rack: null) disconnected
2025-05-17T21:56:32.541+05:30  INFO 329347 --- [hyperledger-service] [ntainer#0-0-C-1] org.apache.kafka.clients.NetworkClient   : [Consumer clientId=consumer-blockchain-group-1, groupId=blockchain-group] Node -1 disconnected.
2025-05-17T21:56:32.542+05:30  WARN 329347 --- [hyperledger-service] [ntainer#0-0-C-1] org.apache.kafka.clients.NetworkClient   : [Consumer clientId=consumer-blockchain-group-1, groupId=blockchain-group] Connection to node -1 (localhost/127.0.0.1:9092) could not be established. Node may not be available.
2025-05-17T21:56:32.542+05:30  WARN 329347 --- [hyperledger-service] [ntainer#0-0-C-1] org.apache.kafka.clients.NetworkClient   : [Consumer clientId=consumer-blockchain-group-1, groupId=blockchain-group] Bootstrap broker localhost:9092 (id: -1 rack: null) disconnected
2025-05-17T21:56:33.555+05:30  INFO 329347 --- [hyperledger-service] [ntainer#0-0-C-1] org.apache.kafka.clients.NetworkClient   : [Consumer clientId=consumer-blockchain-group-1, groupId=blockchain-group] Node -1 disconnected.
2025-05-17T21:56:33.556+05:30  WARN 329347 --- [hyperledger-service] [ntainer#0-0-C-1] org.apache.kafka.clients.NetworkClient   : [Consumer clientId=consumer-blockchain-group-1, groupId=blockchain-group] Connection to node -1 (localhost/127.0.0.1:9092) could not be established. Node may not be available.
2025-05-17T21:56:33.556+05:30  WARN 329347 --- [hyperledger-service] [ntainer#0-0-C-1] org.apache.kafka.clients.NetworkClient   : [Consumer clientId=consumer-blockchain-group-1, groupId=blockchain-group] Bootstrap broker localhost:9092 (id: -1 rack: null) disconnected
2025-05-17T21:56:34.468+05:30  INFO 329347 --- [hyperledger-service] [ntainer#0-0-C-1] org.apache.kafka.clients.NetworkClient   : [Consumer clientId=consumer-blockchain-group-1, groupId=blockchain-group] Node -1 disconnected.
2025-05-17T21:56:34.469+05:30  WARN 329347 --- [hyperledger-service] [ntainer#0-0-C-1] org.apache.kafka.clients.NetworkClient   : [Consumer clientId=consumer-blockchain-group-1, groupId=blockchain-group] Connection to node -1 (localhost/127.0.0.1:9092) could not be established. Node may not be available.
2025-05-17T21:56:34.469+05:30  WARN 329347 --- [hyperledger-service] [ntainer#0-0-C-1] org.apache.kafka.clients.NetworkClient   : [Consumer clientId=consumer-blockchain-group-1, groupId=blockchain-group] Bootstrap broker localhost:9092 (id: -1 rack: null) disconnected
2025-05-17T21:56:35.519+05:30  INFO 329347 --- [hyperledger-service] [ntainer#0-0-C-1] org.apache.kafka.clients.NetworkClient   : [Consumer clientId=consumer-blockchain-group-1, groupId=blockchain-group] Node -1 disconnected.
2025-05-17T21:56:35.519+05:30  WARN 329347 --- [hyperledger-service] [ntainer#0-0-C-1] org.apache.kafka.clients.NetworkClient   : [Consumer clientId=consumer-blockchain-group-1, groupId=blockchain-group] Connection to node -1 (localhost/127.0.0.1:9092) could not be established. Node may not be available.
2025-05-17T21:56:35.520+05:30  WARN 329347 --- [hyperledger-service] [ntainer#0-0-C-1] org.apache.kafka.clients.NetworkClient   : [Consumer clientId=consumer-blockchain-group-1, groupId=blockchain-group] Bootstrap broker localhost:9092 (id: -1 rack: null) disconnected
2025-05-17T21:56:36.433+05:30  INFO 329347 --- [hyperledger-service] [ntainer#0-0-C-1] org.apache.kafka.clients.NetworkClient   : [Consumer clientId=consumer-blockchain-group-1, groupId=blockchain-group] Node -1 disconnected.
2025-05-17T21:56:36.434+05:30  WARN 329347 --- [hyperledger-service] [ntainer#0-0-C-1] org.apache.kafka.clients.NetworkClient   : [Consumer clientId=consumer-blockchain-group-1, groupId=blockchain-group] Connection to node -1 (localhost/127.0.0.1:9092) could not be established. Node may not be available.
2025-05-17T21:56:36.434+05:30  WARN 329347 --- [hyperledger-service] [ntainer#0-0-C-1] org.apache.kafka.clients.NetworkClient   : [Consumer clientId=consumer-blockchain-group-1, groupId=blockchain-group] Bootstrap broker localhost:9092 (id: -1 rack: null) disconnected
2025-05-17T21:56:37.382+05:30  INFO 329347 --- [hyperledger-service] [ntainer#0-0-C-1] org.apache.kafka.clients.NetworkClient   : [Consumer clientId=consumer-blockchain-group-1, groupId=blockchain-group] Node -1 disconnected.
2025-05-17T21:56:37.383+05:30  WARN 329347 --- [hyperledger-service] [ntainer#0-0-C-1] org.apache.kafka.clients.NetworkClient   : [Consumer clientId=consumer-blockchain-group-1, groupId=blockchain-group] Connection to node -1 (localhost/127.0.0.1:9092) could not be established. Node may not be available.
2025-05-17T21:56:37.383+05:30  WARN 329347 --- [hyperledger-service] [ntainer#0-0-C-1] org.apache.kafka.clients.NetworkClient   : [Consumer clientId=consumer-blockchain-group-1, groupId=blockchain-group] Bootstrap broker localhost:9092 (id: -1 rack: null) disconnected
2025-05-17T21:56:38.384+05:30  INFO 329347 --- [hyperledger-service] [ntainer#0-0-C-1] org.apache.kafka.clients.NetworkClient   : [Consumer clientId=consumer-blockchain-group-1, groupId=blockchain-group] Node -1 disconnected.
2025-05-17T21:56:38.385+05:30  WARN 329347 --- [hyperledger-service] [ntainer#0-0-C-1] org.apache.kafka.clients.NetworkClient   : [Consumer clientId=consumer-blockchain-group-1, groupId=blockchain-group] Connection to node -1 (localhost/127.0.0.1:9092) could not be established. Node may not be available.
2025-05-17T21:56:38.385+05:30  WARN 329347 --- [hyperledger-service] [ntainer#0-0-C-1] org.apache.kafka.clients.NetworkClient   : [Consumer clientId=consumer-blockchain-group-1, groupId=blockchain-group] Bootstrap broker localhost:9092 (id: -1 rack: null) disconnected
2025-05-17T21:56:39.385+05:30  INFO 329347 --- [hyperledger-service] [ntainer#0-0-C-1] org.apache.kafka.clients.NetworkClient   : [Consumer clientId=consumer-blockchain-group-1, groupId=blockchain-group] Node -1 disconnected.
2025-05-17T21:56:39.386+05:30  WARN 329347 --- [hyperledger-service] [ntainer#0-0-C-1] org.apache.kafka.clients.NetworkClient   : [Consumer clientId=consumer-blockchain-group-1, groupId=blockchain-group] Connection to node -1 (localhost/127.0.0.1:9092) could not be established. Node may not be available.
2025-05-17T21:56:39.386+05:30  WARN 329347 --- [hyperledger-service] [ntainer#0-0-C-1] org.apache.kafka.clients.NetworkClient   : [Consumer clientId=consumer-blockchain-group-1, groupId=blockchain-group] Bootstrap broker localhost:9092 (id: -1 rack: null) disconnected
2025-05-17T21:56:40.397+05:30  INFO 329347 --- [hyperledger-service] [ntainer#0-0-C-1] org.apache.kafka.clients.NetworkClient   : [Consumer clientId=consumer-blockchain-group-1, groupId=blockchain-group] Node -1 disconnected.
2025-05-17T21:56:40.398+05:30  WARN 329347 --- [hyperledger-service] [ntainer#0-0-C-1] org.apache.kafka.clients.NetworkClient   : [Consumer clientId=consumer-blockchain-group-1, groupId=blockchain-group] Connection to node -1 (localhost/127.0.0.1:9092) could not be established. Node may not be available.
2025-05-17T21:56:40.399+05:30  WARN 329347 --- [hyperledger-service] [ntainer#0-0-C-1] org.apache.kafka.clients.NetworkClient   : [Consumer clientId=consumer-blockchain-group-1, groupId=blockchain-group] Bootstrap broker localhost:9092 (id: -1 rack: null) disconnected
2025-05-17T21:56:41.308+05:30  INFO 329347 --- [hyperledger-service] [ntainer#0-0-C-1] org.apache.kafka.clients.NetworkClient   : [Consumer clientId=consumer-blockchain-group-1, groupId=blockchain-group] Node -1 disconnected.
2025-05-17T21:56:41.309+05:30  WARN 329347 --- [hyperledger-service] [ntainer#0-0-C-1] org.apache.kafka.clients.NetworkClient   : [Consumer clientId=consumer-blockchain-group-1, groupId=blockchain-group] Connection to node -1 (localhost/127.0.0.1:9092) could not be established. Node may not be available.
2025-05-17T21:56:41.309+05:30  WARN 329347 --- [hyperledger-service] [ntainer#0-0-C-1] org.apache.kafka.clients.NetworkClient   : [Consumer clientId=consumer-blockchain-group-1, groupId=blockchain-group] Bootstrap broker localhost:9092 (id: -1 rack: null) disconnected
2025-05-17T21:56:42.267+05:30  INFO 329347 --- [hyperledger-service] [ntainer#0-0-C-1] org.apache.kafka.clients.NetworkClient   : [Consumer clientId=consumer-blockchain-group-1, groupId=blockchain-group] Node -1 disconnected.
2025-05-17T21:56:42.268+05:30  WARN 329347 --- [hyperledger-service] [ntainer#0-0-C-1] org.apache.kafka.clients.NetworkClient   : [Consumer clientId=consumer-blockchain-group-1, groupId=blockchain-group] Connection to node -1 (localhost/127.0.0.1:9092) could not be established. Node may not be available.
2025-05-17T21:56:42.268+05:30  WARN 329347 --- [hyperledger-service] [ntainer#0-0-C-1] org.apache.kafka.clients.NetworkClient   : [Consumer clientId=consumer-blockchain-group-1, groupId=blockchain-group] Bootstrap broker localhost:9092 (id: -1 rack: null) disconnected
2025-05-17T21:56:43.176+05:30  INFO 329347 --- [hyperledger-service] [ntainer#0-0-C-1] org.apache.kafka.clients.NetworkClient   : [Consumer clientId=consumer-blockchain-group-1, groupId=blockchain-group] Node -1 disconnected.
2025-05-17T21:56:43.176+05:30  WARN 329347 --- [hyperledger-service] [ntainer#0-0-C-1] org.apache.kafka.clients.NetworkClient   : [Consumer clientId=consumer-blockchain-group-1, groupId=blockchain-group] Connection to node -1 (localhost/127.0.0.1:9092) could not be established. Node may not be available.
2025-05-17T21:56:43.176+05:30  WARN 329347 --- [hyperledger-service] [ntainer#0-0-C-1] org.apache.kafka.clients.NetworkClient   : [Consumer clientId=consumer-blockchain-group-1, groupId=blockchain-group] Bootstrap broker localhost:9092 (id: -1 rack: null) disconnected
2025-05-17T21:56:44.026+05:30  INFO 329347 --- [hyperledger-service] [ntainer#0-0-C-1] org.apache.kafka.clients.NetworkClient   : [Consumer clientId=consumer-blockchain-group-1, groupId=blockchain-group] Node -1 disconnected.
2025-05-17T21:56:44.027+05:30  WARN 329347 --- [hyperledger-service] [ntainer#0-0-C-1] org.apache.kafka.clients.NetworkClient   : [Consumer clientId=consumer-blockchain-group-1, groupId=blockchain-group] Connection to node -1 (localhost/127.0.0.1:9092) could not be established. Node may not be available.
2025-05-17T21:56:44.027+05:30  WARN 329347 --- [hyperledger-service] [ntainer#0-0-C-1] org.apache.kafka.clients.NetworkClient   : [Consumer clientId=consumer-blockchain-group-1, groupId=blockchain-group] Bootstrap broker localhost:9092 (id: -1 rack: null) disconnected
2025-05-17T21:56:45.042+05:30  INFO 329347 --- [hyperledger-service] [ntainer#0-0-C-1] org.apache.kafka.clients.NetworkClient   : [Consumer clientId=consumer-blockchain-group-1, groupId=blockchain-group] Node -1 disconnected.
2025-05-17T21:56:45.043+05:30  WARN 329347 --- [hyperledger-service] [ntainer#0-0-C-1] org.apache.kafka.clients.NetworkClient   : [Consumer clientId=consumer-blockchain-group-1, groupId=blockchain-group] Connection to node -1 (localhost/127.0.0.1:9092) could not be established. Node may not be available.
2025-05-17T21:56:45.044+05:30  WARN 329347 --- [hyperledger-service] [ntainer#0-0-C-1] org.apache.kafka.clients.NetworkClient   : [Consumer clientId=consumer-blockchain-group-1, groupId=blockchain-group] Bootstrap broker localhost:9092 (id: -1 rack: null) disconnected
2025-05-17T21:56:46.045+05:30  INFO 329347 --- [hyperledger-service] [ntainer#0-0-C-1] org.apache.kafka.clients.NetworkClient   : [Consumer clientId=consumer-blockchain-group-1, groupId=blockchain-group] Node -1 disconnected.
2025-05-17T21:56:46.045+05:30  WARN 329347 --- [hyperledger-service] [ntainer#0-0-C-1] org.apache.kafka.clients.NetworkClient   : [Consumer clientId=consumer-blockchain-group-1, groupId=blockchain-group] Connection to node -1 (localhost/127.0.0.1:9092) could not be established. Node may not be available.
2025-05-17T21:56:46.046+05:30  WARN 329347 --- [hyperledger-service] [ntainer#0-0-C-1] org.apache.kafka.clients.NetworkClient   : [Consumer clientId=consumer-blockchain-group-1, groupId=blockchain-group] Bootstrap broker localhost:9092 (id: -1 rack: null) disconnected
2025-05-17T21:56:47.047+05:30  INFO 329347 --- [hyperledger-service] [ntainer#0-0-C-1] org.apache.kafka.clients.NetworkClient   : [Consumer clientId=consumer-blockchain-group-1, groupId=blockchain-group] Node -1 disconnected.
2025-05-17T21:56:47.048+05:30  WARN 329347 --- [hyperledger-service] [ntainer#0-0-C-1] org.apache.kafka.clients.NetworkClient   : [Consumer clientId=consumer-blockchain-group-1, groupId=blockchain-group] Connection to node -1 (localhost/127.0.0.1:9092) could not be established. Node may not be available.
2025-05-17T21:56:47.048+05:30  WARN 329347 --- [hyperledger-service] [ntainer#0-0-C-1] org.apache.kafka.clients.NetworkClient   : [Consumer clientId=consumer-blockchain-group-1, groupId=blockchain-group] Bootstrap broker localhost:9092 (id: -1 rack: null) disconnected
2025-05-17T21:56:48.009+05:30  INFO 329347 --- [hyperledger-service] [ntainer#0-0-C-1] org.apache.kafka.clients.NetworkClient   : [Consumer clientId=consumer-blockchain-group-1, groupId=blockchain-group] Node -1 disconnected.
2025-05-17T21:56:48.010+05:30  WARN 329347 --- [hyperledger-service] [ntainer#0-0-C-1] org.apache.kafka.clients.NetworkClient   : [Consumer clientId=consumer-blockchain-group-1, groupId=blockchain-group] Connection to node -1 (localhost/127.0.0.1:9092) could not be established. Node may not be available.
2025-05-17T21:56:48.011+05:30  WARN 329347 --- [hyperledger-service] [ntainer#0-0-C-1] org.apache.kafka.clients.NetworkClient   : [Consumer clientId=consumer-blockchain-group-1, groupId=blockchain-group] Bootstrap broker localhost:9092 (id: -1 rack: null) disconnected
2025-05-17T21:56:49.060+05:30  INFO 329347 --- [hyperledger-service] [ntainer#0-0-C-1] org.apache.kafka.clients.NetworkClient   : [Consumer clientId=consumer-blockchain-group-1, groupId=blockchain-group] Node -1 disconnected.
2025-05-17T21:56:49.061+05:30  WARN 329347 --- [hyperledger-service] [ntainer#0-0-C-1] org.apache.kafka.clients.NetworkClient   : [Consumer clientId=consumer-blockchain-group-1, groupId=blockchain-group] Connection to node -1 (localhost/127.0.0.1:9092) could not be established. Node may not be available.
2025-05-17T21:56:49.061+05:30  WARN 329347 --- [hyperledger-service] [ntainer#0-0-C-1] org.apache.kafka.clients.NetworkClient   : [Consumer clientId=consumer-blockchain-group-1, groupId=blockchain-group] Bootstrap broker localhost:9092 (id: -1 rack: null) disconnected
2025-05-17T21:56:50.063+05:30  INFO 329347 --- [hyperledger-service] [ntainer#0-0-C-1] org.apache.kafka.clients.NetworkClient   : [Consumer clientId=consumer-blockchain-group-1, groupId=blockchain-group] Node -1 disconnected.
2025-05-17T21:56:50.063+05:30  WARN 329347 --- [hyperledger-service] [ntainer#0-0-C-1] org.apache.kafka.clients.NetworkClient   : [Consumer clientId=consumer-blockchain-group-1, groupId=blockchain-group] Connection to node -1 (localhost/127.0.0.1:9092) could not be established. Node may not be available.
2025-05-17T21:56:50.064+05:30  WARN 329347 --- [hyperledger-service] [ntainer#0-0-C-1] org.apache.kafka.clients.NetworkClient   : [Consumer clientId=consumer-blockchain-group-1, groupId=blockchain-group] Bootstrap broker localhost:9092 (id: -1 rack: null) disconnected
2025-05-17T21:56:50.875+05:30  INFO 329347 --- [hyperledger-service] [ntainer#0-0-C-1] org.apache.kafka.clients.NetworkClient   : [Consumer clientId=consumer-blockchain-group-1, groupId=blockchain-group] Node -1 disconnected.
2025-05-17T21:56:50.875+05:30  WARN 329347 --- [hyperledger-service] [ntainer#0-0-C-1] org.apache.kafka.clients.NetworkClient   : [Consumer clientId=consumer-blockchain-group-1, groupId=blockchain-group] Connection to node -1 (localhost/127.0.0.1:9092) could not be established. Node may not be available.
2025-05-17T21:56:50.875+05:30  WARN 329347 --- [hyperledger-service] [ntainer#0-0-C-1] org.apache.kafka.clients.NetworkClient   : [Consumer clientId=consumer-blockchain-group-1, groupId=blockchain-group] Bootstrap broker localhost:9092 (id: -1 rack: null) disconnected
2025-05-17T21:56:51.887+05:30  INFO 329347 --- [hyperledger-service] [ntainer#0-0-C-1] org.apache.kafka.clients.NetworkClient   : [Consumer clientId=consumer-blockchain-group-1, groupId=blockchain-group] Node -1 disconnected.
2025-05-17T21:56:51.888+05:30  WARN 329347 --- [hyperledger-service] [ntainer#0-0-C-1] org.apache.kafka.clients.NetworkClient   : [Consumer clientId=consumer-blockchain-group-1, groupId=blockchain-group] Connection to node -1 (localhost/127.0.0.1:9092) could not be established. Node may not be available.
2025-05-17T21:56:51.889+05:30  WARN 329347 --- [hyperledger-service] [ntainer#0-0-C-1] org.apache.kafka.clients.NetworkClient   : [Consumer clientId=consumer-blockchain-group-1, groupId=blockchain-group] Bootstrap broker localhost:9092 (id: -1 rack: null) disconnected
2025-05-17T21:56:52.899+05:30  INFO 329347 --- [hyperledger-service] [ntainer#0-0-C-1] org.apache.kafka.clients.NetworkClient   : [Consumer clientId=consumer-blockchain-group-1, groupId=blockchain-group] Node -1 disconnected.
2025-05-17T21:56:52.900+05:30  WARN 329347 --- [hyperledger-service] [ntainer#0-0-C-1] org.apache.kafka.clients.NetworkClient   : [Consumer clientId=consumer-blockchain-group-1, groupId=blockchain-group] Connection to node -1 (localhost/127.0.0.1:9092) could not be established. Node may not be available.
2025-05-17T21:56:52.900+05:30  WARN 329347 --- [hyperledger-service] [ntainer#0-0-C-1] org.apache.kafka.clients.NetworkClient   : [Consumer clientId=consumer-blockchain-group-1, groupId=blockchain-group] Bootstrap broker localhost:9092 (id: -1 rack: null) disconnected
2025-05-17T21:56:53.914+05:30  INFO 329347 --- [hyperledger-service] [ntainer#0-0-C-1] org.apache.kafka.clients.NetworkClient   : [Consumer clientId=consumer-blockchain-group-1, groupId=blockchain-group] Node -1 disconnected.
2025-05-17T21:56:53.915+05:30  WARN 329347 --- [hyperledger-service] [ntainer#0-0-C-1] org.apache.kafka.clients.NetworkClient   : [Consumer clientId=consumer-blockchain-group-1, groupId=blockchain-group] Connection to node -1 (localhost/127.0.0.1:9092) could not be established. Node may not be available.
2025-05-17T21:56:53.915+05:30  WARN 329347 --- [hyperledger-service] [ntainer#0-0-C-1] org.apache.kafka.clients.NetworkClient   : [Consumer clientId=consumer-blockchain-group-1, groupId=blockchain-group] Bootstrap broker localhost:9092 (id: -1 rack: null) disconnected
2025-05-17T21:56:54.916+05:30  INFO 329347 --- [hyperledger-service] [ntainer#0-0-C-1] org.apache.kafka.clients.NetworkClient   : [Consumer clientId=consumer-blockchain-group-1, groupId=blockchain-group] Node -1 disconnected.
2025-05-17T21:56:54.917+05:30  WARN 329347 --- [hyperledger-service] [ntainer#0-0-C-1] org.apache.kafka.clients.NetworkClient   : [Consumer clientId=consumer-blockchain-group-1, groupId=blockchain-group] Connection to node -1 (localhost/127.0.0.1:9092) could not be established. Node may not be available.
2025-05-17T21:56:54.917+05:30  WARN 329347 --- [hyperledger-service] [ntainer#0-0-C-1] org.apache.kafka.clients.NetworkClient   : [Consumer clientId=consumer-blockchain-group-1, groupId=blockchain-group] Bootstrap broker localhost:9092 (id: -1 rack: null) disconnected
2025-05-17T21:56:55.916+05:30  INFO 329347 --- [hyperledger-service] [ntainer#0-0-C-1] org.apache.kafka.clients.NetworkClient   : [Consumer clientId=consumer-blockchain-group-1, groupId=blockchain-group] Node -1 disconnected.
2025-05-17T21:56:55.917+05:30  WARN 329347 --- [hyperledger-service] [ntainer#0-0-C-1] org.apache.kafka.clients.NetworkClient   : [Consumer clientId=consumer-blockchain-group-1, groupId=blockchain-group] Connection to node -1 (localhost/127.0.0.1:9092) could not be established. Node may not be available.
2025-05-17T21:56:55.917+05:30  WARN 329347 --- [hyperledger-service] [ntainer#0-0-C-1] org.apache.kafka.clients.NetworkClient   : [Consumer clientId=consumer-blockchain-group-1, groupId=blockchain-group] Bootstrap broker localhost:9092 (id: -1 rack: null) disconnected
2025-05-17T21:56:56.917+05:30  INFO 329347 --- [hyperledger-service] [ntainer#0-0-C-1] org.apache.kafka.clients.NetworkClient   : [Consumer clientId=consumer-blockchain-group-1, groupId=blockchain-group] Node -1 disconnected.
2025-05-17T21:56:56.917+05:30  WARN 329347 --- [hyperledger-service] [ntainer#0-0-C-1] org.apache.kafka.clients.NetworkClient   : [Consumer clientId=consumer-blockchain-group-1, groupId=blockchain-group] Connection to node -1 (localhost/127.0.0.1:9092) could not be established. Node may not be available.
2025-05-17T21:56:56.917+05:30  WARN 329347 --- [hyperledger-service] [ntainer#0-0-C-1] org.apache.kafka.clients.NetworkClient   : [Consumer clientId=consumer-blockchain-group-1, groupId=blockchain-group] Bootstrap broker localhost:9092 (id: -1 rack: null) disconnected
2025-05-17T21:56:57.966+05:30  INFO 329347 --- [hyperledger-service] [ntainer#0-0-C-1] org.apache.kafka.clients.NetworkClient   : [Consumer clientId=consumer-blockchain-group-1, groupId=blockchain-group] Node -1 disconnected.
2025-05-17T21:56:57.967+05:30  WARN 329347 --- [hyperledger-service] [ntainer#0-0-C-1] org.apache.kafka.clients.NetworkClient   : [Consumer clientId=consumer-blockchain-group-1, groupId=blockchain-group] Connection to node -1 (localhost/127.0.0.1:9092) could not be established. Node may not be available.
2025-05-17T21:56:57.969+05:30  WARN 329347 --- [hyperledger-service] [ntainer#0-0-C-1] org.apache.kafka.clients.NetworkClient   : [Consumer clientId=consumer-blockchain-group-1, groupId=blockchain-group] Bootstrap broker localhost:9092 (id: -1 rack: null) disconnected
2025-05-17T21:56:58.825+05:30  INFO 329347 --- [hyperledger-service] [ntainer#0-0-C-1] org.apache.kafka.clients.NetworkClient   : [Consumer clientId=consumer-blockchain-group-1, groupId=blockchain-group] Node -1 disconnected.
2025-05-17T21:56:58.826+05:30  WARN 329347 --- [hyperledger-service] [ntainer#0-0-C-1] org.apache.kafka.clients.NetworkClient   : [Consumer clientId=consumer-blockchain-group-1, groupId=blockchain-group] Connection to node -1 (localhost/127.0.0.1:9092) could not be established. Node may not be available.
2025-05-17T21:56:58.826+05:30  WARN 329347 --- [hyperledger-service] [ntainer#0-0-C-1] org.apache.kafka.clients.NetworkClient   : [Consumer clientId=consumer-blockchain-group-1, groupId=blockchain-group] Bootstrap broker localhost:9092 (id: -1 rack: null) disconnected
2025-05-17T21:56:59.874+05:30  INFO 329347 --- [hyperledger-service] [ntainer#0-0-C-1] org.apache.kafka.clients.NetworkClient   : [Consumer clientId=consumer-blockchain-group-1, groupId=blockchain-group] Node -1 disconnected.
2025-05-17T21:56:59.875+05:30  WARN 329347 --- [hyperledger-service] [ntainer#0-0-C-1] org.apache.kafka.clients.NetworkClient   : [Consumer clientId=consumer-blockchain-group-1, groupId=blockchain-group] Connection to node -1 (localhost/127.0.0.1:9092) could not be established. Node may not be available.
2025-05-17T21:56:59.875+05:30  WARN 329347 --- [hyperledger-service] [ntainer#0-0-C-1] org.apache.kafka.clients.NetworkClient   : [Consumer clientId=consumer-blockchain-group-1, groupId=blockchain-group] Bootstrap broker localhost:9092 (id: -1 rack: null) disconnected
2025-05-17T21:57:00.876+05:30  INFO 329347 --- [hyperledger-service] [ntainer#0-0-C-1] org.apache.kafka.clients.NetworkClient   : [Consumer clientId=consumer-blockchain-group-1, groupId=blockchain-group] Node -1 disconnected.
2025-05-17T21:57:00.877+05:30  WARN 329347 --- [hyperledger-service] [ntainer#0-0-C-1] org.apache.kafka.clients.NetworkClient   : [Consumer clientId=consumer-blockchain-group-1, groupId=blockchain-group] Connection to node -1 (localhost/127.0.0.1:9092) could not be established. Node may not be available.
2025-05-17T21:57:00.877+05:30  WARN 329347 --- [hyperledger-service] [ntainer#0-0-C-1] org.apache.kafka.clients.NetworkClient   : [Consumer clientId=consumer-blockchain-group-1, groupId=blockchain-group] Bootstrap broker localhost:9092 (id: -1 rack: null) disconnected
2025-05-17T21:57:01.877+05:30  INFO 329347 --- [hyperledger-service] [ntainer#0-0-C-1] org.apache.kafka.clients.NetworkClient   : [Consumer clientId=consumer-blockchain-group-1, groupId=blockchain-group] Node -1 disconnected.
2025-05-17T21:57:01.878+05:30  WARN 329347 --- [hyperledger-service] [ntainer#0-0-C-1] org.apache.kafka.clients.NetworkClient   : [Consumer clientId=consumer-blockchain-group-1, groupId=blockchain-group] Connection to node -1 (localhost/127.0.0.1:9092) could not be established. Node may not be available.
2025-05-17T21:57:01.878+05:30  WARN 329347 --- [hyperledger-service] [ntainer#0-0-C-1] org.apache.kafka.clients.NetworkClient   : [Consumer clientId=consumer-blockchain-group-1, groupId=blockchain-group] Bootstrap broker localhost:9092 (id: -1 rack: null) disconnected
2025-05-17T21:57:02.734+05:30  INFO 329347 --- [hyperledger-service] [ntainer#0-0-C-1] org.apache.kafka.clients.NetworkClient   : [Consumer clientId=consumer-blockchain-group-1, groupId=blockchain-group] Node -1 disconnected.
2025-05-17T21:57:02.734+05:30  WARN 329347 --- [hyperledger-service] [ntainer#0-0-C-1] org.apache.kafka.clients.NetworkClient   : [Consumer clientId=consumer-blockchain-group-1, groupId=blockchain-group] Connection to node -1 (localhost/127.0.0.1:9092) could not be established. Node may not be available.
2025-05-17T21:57:02.735+05:30  WARN 329347 --- [hyperledger-service] [ntainer#0-0-C-1] org.apache.kafka.clients.NetworkClient   : [Consumer clientId=consumer-blockchain-group-1, groupId=blockchain-group] Bootstrap broker localhost:9092 (id: -1 rack: null) disconnected
2025-05-17T21:57:03.636+05:30  INFO 329347 --- [hyperledger-service] [ntainer#0-0-C-1] org.apache.kafka.clients.NetworkClient   : [Consumer clientId=consumer-blockchain-group-1, groupId=blockchain-group] Node -1 disconnected.
2025-05-17T21:57:03.637+05:30  WARN 329347 --- [hyperledger-service] [ntainer#0-0-C-1] org.apache.kafka.clients.NetworkClient   : [Consumer clientId=consumer-blockchain-group-1, groupId=blockchain-group] Connection to node -1 (localhost/127.0.0.1:9092) could not be established. Node may not be available.
2025-05-17T21:57:03.637+05:30  WARN 329347 --- [hyperledger-service] [ntainer#0-0-C-1] org.apache.kafka.clients.NetworkClient   : [Consumer clientId=consumer-blockchain-group-1, groupId=blockchain-group] Bootstrap broker localhost:9092 (id: -1 rack: null) disconnected
2025-05-17T21:57:04.638+05:30  INFO 329347 --- [hyperledger-service] [ntainer#0-0-C-1] org.apache.kafka.clients.NetworkClient   : [Consumer clientId=consumer-blockchain-group-1, groupId=blockchain-group] Node -1 disconnected.
2025-05-17T21:57:04.638+05:30  WARN 329347 --- [hyperledger-service] [ntainer#0-0-C-1] org.apache.kafka.clients.NetworkClient   : [Consumer clientId=consumer-blockchain-group-1, groupId=blockchain-group] Connection to node -1 (localhost/127.0.0.1:9092) could not be established. Node may not be available.
2025-05-17T21:57:04.639+05:30  WARN 329347 --- [hyperledger-service] [ntainer#0-0-C-1] org.apache.kafka.clients.NetworkClient   : [Consumer clientId=consumer-blockchain-group-1, groupId=blockchain-group] Bootstrap broker localhost:9092 (id: -1 rack: null) disconnected
2025-05-17T21:57:05.640+05:30  INFO 329347 --- [hyperledger-service] [ntainer#0-0-C-1] org.apache.kafka.clients.NetworkClient   : [Consumer clientId=consumer-blockchain-group-1, groupId=blockchain-group] Node -1 disconnected.
2025-05-17T21:57:05.641+05:30  WARN 329347 --- [hyperledger-service] [ntainer#0-0-C-1] org.apache.kafka.clients.NetworkClient   : [Consumer clientId=consumer-blockchain-group-1, groupId=blockchain-group] Connection to node -1 (localhost/127.0.0.1:9092) could not be established. Node may not be available.
2025-05-17T21:57:05.641+05:30  WARN 329347 --- [hyperledger-service] [ntainer#0-0-C-1] org.apache.kafka.clients.NetworkClient   : [Consumer clientId=consumer-blockchain-group-1, groupId=blockchain-group] Bootstrap broker localhost:9092 (id: -1 rack: null) disconnected
2025-05-17T21:57:05.913+05:30  INFO 329347 --- [hyperledger-service] [ntainer#0-0-C-1] o.a.k.c.c.internals.ConsumerCoordinator  : [Consumer clientId=consumer-blockchain-group-1, groupId=blockchain-group] Resetting generation and member id due to: consumer pro-actively leaving the group
2025-05-17T21:57:05.913+05:30  INFO 329347 --- [hyperledger-service] [ntainer#0-0-C-1] o.a.k.c.c.internals.ConsumerCoordinator  : [Consumer clientId=consumer-blockchain-group-1, groupId=blockchain-group] Request joining group due to: consumer pro-actively leaving the group
2025-05-17T21:57:05.914+05:30  INFO 329347 --- [hyperledger-service] [ntainer#0-0-C-1] o.a.k.c.c.internals.LegacyKafkaConsumer  : [Consumer clientId=consumer-blockchain-group-1, groupId=blockchain-group] Unsubscribed all topics or patterns and assigned partitions
2025-05-17T21:57:05.917+05:30  INFO 329347 --- [hyperledger-service] [ntainer#0-0-C-1] o.a.k.c.c.internals.ConsumerCoordinator  : [Consumer clientId=consumer-blockchain-group-1, groupId=blockchain-group] Resetting generation and member id due to: consumer pro-actively leaving the group
2025-05-17T21:57:05.918+05:30  INFO 329347 --- [hyperledger-service] [ntainer#0-0-C-1] o.a.k.c.c.internals.ConsumerCoordinator  : [Consumer clientId=consumer-blockchain-group-1, groupId=blockchain-group] Request joining group due to: consumer pro-actively leaving the group
2025-05-17T21:57:05.928+05:30  INFO 329347 --- [hyperledger-service] [ntainer#0-0-C-1] o.apache.kafka.common.metrics.Metrics    : Metrics scheduler closed
2025-05-17T21:57:05.928+05:30  INFO 329347 --- [hyperledger-service] [ntainer#0-0-C-1] o.apache.kafka.common.metrics.Metrics    : Closing reporter org.apache.kafka.common.metrics.JmxReporter
2025-05-17T21:57:05.929+05:30  INFO 329347 --- [hyperledger-service] [ntainer#0-0-C-1] o.apache.kafka.common.metrics.Metrics    : Closing reporter org.apache.kafka.common.telemetry.internals.ClientTelemetryReporter
2025-05-17T21:57:05.929+05:30  INFO 329347 --- [hyperledger-service] [ntainer#0-0-C-1] o.apache.kafka.common.metrics.Metrics    : Metrics reporters closed
2025-05-17T21:57:05.941+05:30  INFO 329347 --- [hyperledger-service] [ntainer#0-0-C-1] o.a.kafka.common.utils.AppInfoParser     : App info kafka.consumer for consumer-blockchain-group-1 unregistered
2025-05-17T21:57:05.942+05:30  INFO 329347 --- [hyperledger-service] [ntainer#0-0-C-1] o.s.k.l.KafkaMessageListenerContainer    : blockchain-group: Consumer stopped
2025-05-17T21:57:05.944+05:30  INFO 329347 --- [hyperledger-service] [ionShutdownHook] o.s.b.w.e.tomcat.GracefulShutdown        : Commencing graceful shutdown. Waiting for active requests to complete
2025-05-17T21:57:05.948+05:30  INFO 329347 --- [hyperledger-service] [tomcat-shutdown] o.s.b.w.e.tomcat.GracefulShutdown        : Graceful shutdown complete
2025-05-17T21:57:14.970+05:30  INFO 329347 --- [hyperledger-service] [pool-8-thread-1] org.hyperledger.fabric.sdk.Channel       : Channel mychannel eventThread shutting down. shutdown: true  thread: pool-8-thread-1 
